MIF/HEX Update report for transmitter
Fri Jul 29 15:54:26 2022
Quartus II 64-Bit Version 13.0.1 Build 232 06/12/2013 Service Pack 1 SJ Web Edition


---------------------
; Table of Contents ;
---------------------
  1. Legal Notice
  2. MIF/HEX Update Summary
  3. MIF/HEX Update Processed Files
  4. MIF/HEX Update Messages



----------------
; Legal Notice ;
----------------
Copyright (C) 1991-2013 Altera Corporation
Your use of Altera Corporation's design tools, logic functions 
and other software and tools, and its AMPP partner logic 
functions, and any output files from any of the foregoing 
(including device programming or simulation files), and any 
associated documentation or information are expressly subject 
to the terms and conditions of the Altera Program License 
Subscription Agreement, Altera MegaCore Function License 
Agreement, or other applicable license agreement, including, 
without limitation, that your use is for the sole purpose of 
programming logic devices manufactured by Altera and sold by 
Altera or its authorized distributors.  Please refer to the 
applicable agreement for further details.



+---------------------------------------------------------------+
; MIF/HEX Update Summary                                        ;
+-----------------------+---------------------------------------+
; MIF/HEX Update Status ; Successful - Fri Jul 29 15:54:26 2022 ;
; Revision Name         ; transmitter                           ;
; Top-level Entity Name ; transmitter                           ;
; Family                ; Cyclone IV E                          ;
; Device                ; EP4CE6E22C8                           ;
+-----------------------+---------------------------------------+


+-----------------------------------------------------------------------------------------------------------------------------------------------------------------------------------+
; MIF/HEX Update Processed Files                                                                                                                                                    ;
+-----------------------------------------------------------------------------------------------------------------------------------------------------------------------------------+
; File Name                                                                                                                                                                         ;
+-----------------------------------------------------------------------------------------------------------------------------------------------------------------------------------+
; C:/Users/rvigiani/OneDrive - Noanet S.A/Experimentos Arduino/Laboratorios Remotos/LabRem-SistemasDig/tx_uart/TX_uart_restored/ROM_Interna_Transmitter/ROM_Interna_Transmitter.mif ;
+-----------------------------------------------------------------------------------------------------------------------------------------------------------------------------------+


+-------------------------+
; MIF/HEX Update Messages ;
+-------------------------+
Info: *******************************************************************
Info: Running Quartus II 64-Bit MIF/HEX Update
    Info: Version 13.0.1 Build 232 06/12/2013 Service Pack 1 SJ Web Edition
    Info: Processing started: Fri Jul 29 15:54:04 2022
Info: Command: quartus_cdb transmitter -c transmitter --update_mif
Critical Warning (127005): Memory depth (512) in the design file differs from memory depth (80) in the Memory Initialization File "C:/Users/rvigiani/OneDrive - Noanet S.A/Experimentos Arduino/Laboratorios Remotos/LabRem-SistemasDig/tx_uart/TX_uart_restored/ROM_Interna_Transmitter/ROM_Interna_Transmitter.mif" -- setting initial value for remaining addresses to 0
Info (39024): Processed the following Memory Initialization File(s)
    Info (39025): Processed Memory Initialization File C:/Users/rvigiani/OneDrive - Noanet S.A/Experimentos Arduino/Laboratorios Remotos/LabRem-SistemasDig/tx_uart/TX_uart_restored/ROM_Interna_Transmitter/ROM_Interna_Transmitter.mif
Info: Quartus II 64-Bit MIF/HEX Update was successful. 0 errors, 1 warning
    Info: Peak virtual memory: 4622 megabytes
    Info: Processing ended: Fri Jul 29 15:54:26 2022
    Info: Elapsed time: 00:00:22
    Info: Total CPU time (on all processors): 00:00:01


