Analysis & Synthesis report for transmitter
Fri Jul 29 15:53:13 2022
Quartus II 64-Bit Version 13.0.1 Build 232 06/12/2013 Service Pack 1 SJ Web Edition


---------------------
; Table of Contents ;
---------------------
  1. Legal Notice
  2. Analysis & Synthesis Summary
  3. Analysis & Synthesis Settings
  4. Parallel Compilation
  5. Analysis & Synthesis Source Files Read
  6. Analysis & Synthesis Resource Usage Summary
  7. Analysis & Synthesis Resource Utilization by Entity
  8. Analysis & Synthesis RAM Summary
  9. Analysis & Synthesis IP Cores Summary
 10. State Machine - |transmitter|transmitter_uart:i_trans_uart|estado
 11. General Register Statistics
 12. Multiplexer Restructuring Statistics (Restructuring Performed)
 13. Source assignments for ROM_Interna_Transmitter:i_rom|altsyncram:altsyncram_component|altsyncram_jo91:auto_generated
 14. Parameter Settings for User Entity Instance: contador_div_frec:i_9600
 15. Parameter Settings for User Entity Instance: contador_div_frec:i_dato
 16. Parameter Settings for User Entity Instance: contador_div_frec:i_address
 17. Parameter Settings for User Entity Instance: ROM_Interna_Transmitter:i_rom|altsyncram:altsyncram_component
 18. altsyncram Parameter Settings by Entity Instance
 19. Port Connectivity Checks: "contador_div_frec:i_address"
 20. Port Connectivity Checks: "contador_div_frec:i_dato"
 21. Port Connectivity Checks: "contador_div_frec:i_9600"
 22. Elapsed Time Per Partition
 23. Analysis & Synthesis Messages



----------------
; Legal Notice ;
----------------
Copyright (C) 1991-2013 Altera Corporation
Your use of Altera Corporation's design tools, logic functions 
and other software and tools, and its AMPP partner logic 
functions, and any output files from any of the foregoing 
(including device programming or simulation files), and any 
associated documentation or information are expressly subject 
to the terms and conditions of the Altera Program License 
Subscription Agreement, Altera MegaCore Function License 
Agreement, or other applicable license agreement, including, 
without limitation, that your use is for the sole purpose of 
programming logic devices manufactured by Altera and sold by 
Altera or its authorized distributors.  Please refer to the 
applicable agreement for further details.



+--------------------------------------------------------------------------------------+
; Analysis & Synthesis Summary                                                         ;
+------------------------------------+-------------------------------------------------+
; Analysis & Synthesis Status        ; Successful - Fri Jul 29 15:53:13 2022           ;
; Quartus II 64-Bit Version          ; 13.0.1 Build 232 06/12/2013 SP 1 SJ Web Edition ;
; Revision Name                      ; transmitter                                     ;
; Top-level Entity Name              ; transmitter                                     ;
; Family                             ; Cyclone IV E                                    ;
; Total logic elements               ; 101                                             ;
;     Total combinational functions  ; 92                                              ;
;     Dedicated logic registers      ; 49                                              ;
; Total registers                    ; 49                                              ;
; Total pins                         ; 3                                               ;
; Total virtual pins                 ; 0                                               ;
; Total memory bits                  ; 1,024                                           ;
; Embedded Multiplier 9-bit elements ; 0                                               ;
; Total PLLs                         ; 0                                               ;
+------------------------------------+-------------------------------------------------+


+----------------------------------------------------------------------------------------------------------------------+
; Analysis & Synthesis Settings                                                                                        ;
+----------------------------------------------------------------------------+--------------------+--------------------+
; Option                                                                     ; Setting            ; Default Value      ;
+----------------------------------------------------------------------------+--------------------+--------------------+
; Device                                                                     ; EP4CE6E22C8        ;                    ;
; Top-level entity name                                                      ; transmitter        ; transmitter        ;
; Family name                                                                ; Cyclone IV E       ; Cyclone IV GX      ;
; Use smart compilation                                                      ; Off                ; Off                ;
; Enable parallel Assembler and TimeQuest Timing Analyzer during compilation ; On                 ; On                 ;
; Enable compact report table                                                ; Off                ; Off                ;
; Restructure Multiplexers                                                   ; Auto               ; Auto               ;
; Create Debugging Nodes for IP Cores                                        ; Off                ; Off                ;
; Preserve fewer node names                                                  ; On                 ; On                 ;
; Disable OpenCore Plus hardware evaluation                                  ; Off                ; Off                ;
; Verilog Version                                                            ; Verilog_2001       ; Verilog_2001       ;
; VHDL Version                                                               ; VHDL_1993          ; VHDL_1993          ;
; State Machine Processing                                                   ; Auto               ; Auto               ;
; Safe State Machine                                                         ; Off                ; Off                ;
; Extract Verilog State Machines                                             ; On                 ; On                 ;
; Extract VHDL State Machines                                                ; On                 ; On                 ;
; Ignore Verilog initial constructs                                          ; Off                ; Off                ;
; Iteration limit for constant Verilog loops                                 ; 5000               ; 5000               ;
; Iteration limit for non-constant Verilog loops                             ; 250                ; 250                ;
; Add Pass-Through Logic to Inferred RAMs                                    ; On                 ; On                 ;
; Infer RAMs from Raw Logic                                                  ; On                 ; On                 ;
; Parallel Synthesis                                                         ; On                 ; On                 ;
; DSP Block Balancing                                                        ; Auto               ; Auto               ;
; NOT Gate Push-Back                                                         ; On                 ; On                 ;
; Power-Up Don't Care                                                        ; On                 ; On                 ;
; Remove Redundant Logic Cells                                               ; Off                ; Off                ;
; Remove Duplicate Registers                                                 ; On                 ; On                 ;
; Ignore CARRY Buffers                                                       ; Off                ; Off                ;
; Ignore CASCADE Buffers                                                     ; Off                ; Off                ;
; Ignore GLOBAL Buffers                                                      ; Off                ; Off                ;
; Ignore ROW GLOBAL Buffers                                                  ; Off                ; Off                ;
; Ignore LCELL Buffers                                                       ; Off                ; Off                ;
; Ignore SOFT Buffers                                                        ; On                 ; On                 ;
; Limit AHDL Integers to 32 Bits                                             ; Off                ; Off                ;
; Optimization Technique                                                     ; Balanced           ; Balanced           ;
; Carry Chain Length                                                         ; 70                 ; 70                 ;
; Auto Carry Chains                                                          ; On                 ; On                 ;
; Auto Open-Drain Pins                                                       ; On                 ; On                 ;
; Perform WYSIWYG Primitive Resynthesis                                      ; Off                ; Off                ;
; Auto ROM Replacement                                                       ; On                 ; On                 ;
; Auto RAM Replacement                                                       ; On                 ; On                 ;
; Auto DSP Block Replacement                                                 ; On                 ; On                 ;
; Auto Shift Register Replacement                                            ; Auto               ; Auto               ;
; Allow Shift Register Merging across Hierarchies                            ; Auto               ; Auto               ;
; Auto Clock Enable Replacement                                              ; On                 ; On                 ;
; Strict RAM Replacement                                                     ; Off                ; Off                ;
; Allow Synchronous Control Signals                                          ; On                 ; On                 ;
; Force Use of Synchronous Clear Signals                                     ; Off                ; Off                ;
; Auto RAM Block Balancing                                                   ; On                 ; On                 ;
; Auto RAM to Logic Cell Conversion                                          ; Off                ; Off                ;
; Auto Resource Sharing                                                      ; Off                ; Off                ;
; Allow Any RAM Size For Recognition                                         ; Off                ; Off                ;
; Allow Any ROM Size For Recognition                                         ; Off                ; Off                ;
; Allow Any Shift Register Size For Recognition                              ; Off                ; Off                ;
; Use LogicLock Constraints during Resource Balancing                        ; On                 ; On                 ;
; Ignore translate_off and synthesis_off directives                          ; Off                ; Off                ;
; Timing-Driven Synthesis                                                    ; On                 ; On                 ;
; Report Parameter Settings                                                  ; On                 ; On                 ;
; Report Source Assignments                                                  ; On                 ; On                 ;
; Report Connectivity Checks                                                 ; On                 ; On                 ;
; Ignore Maximum Fan-Out Assignments                                         ; Off                ; Off                ;
; Synchronization Register Chain Length                                      ; 2                  ; 2                  ;
; PowerPlay Power Optimization                                               ; Normal compilation ; Normal compilation ;
; HDL message level                                                          ; Level2             ; Level2             ;
; Suppress Register Optimization Related Messages                            ; Off                ; Off                ;
; Number of Removed Registers Reported in Synthesis Report                   ; 5000               ; 5000               ;
; Number of Swept Nodes Reported in Synthesis Report                         ; 5000               ; 5000               ;
; Number of Inverted Registers Reported in Synthesis Report                  ; 100                ; 100                ;
; Clock MUX Protection                                                       ; On                 ; On                 ;
; Auto Gated Clock Conversion                                                ; Off                ; Off                ;
; Block Design Naming                                                        ; Auto               ; Auto               ;
; SDC constraint protection                                                  ; Off                ; Off                ;
; Synthesis Effort                                                           ; Auto               ; Auto               ;
; Shift Register Replacement - Allow Asynchronous Clear Signal               ; On                 ; On                 ;
; Pre-Mapping Resynthesis Optimization                                       ; Off                ; Off                ;
; Analysis & Synthesis Message Level                                         ; Medium             ; Medium             ;
; Disable Register Merging Across Hierarchies                                ; Auto               ; Auto               ;
; Resource Aware Inference For Block RAM                                     ; On                 ; On                 ;
; Synthesis Seed                                                             ; 1                  ; 1                  ;
+----------------------------------------------------------------------------+--------------------+--------------------+


Parallel compilation was disabled, but you have multiple processors available. Enable parallel compilation to reduce compilation time.
+-------------------------------------+
; Parallel Compilation                ;
+----------------------------+--------+
; Processors                 ; Number ;
+----------------------------+--------+
; Number detected on machine ; 4      ;
; Maximum allowed            ; 1      ;
+----------------------------+--------+


+----------------------------------------------------------------------------------------------------------------------------------------------------------------------------------------------------------------------------------------------------------------------------------------------------+
; Analysis & Synthesis Source Files Read                                                                                                                                                                                                                                                             ;
+-----------------------------------------------------+-----------------+------------------------------+-----------------------------------------------------------------------------------------------------------------------------------------------------------------------------------+---------+
; File Name with User-Entered Path                    ; Used in Netlist ; File Type                    ; File Name with Absolute Path                                                                                                                                                      ; Library ;
+-----------------------------------------------------+-----------------+------------------------------+-----------------------------------------------------------------------------------------------------------------------------------------------------------------------------------+---------+
; ROM_Interna_Transmitter/ROM_Interna_Transmitter.vhd ; yes             ; User Wizard-Generated File   ; C:/Users/rvigiani/OneDrive - Noanet S.A/Experimentos Arduino/Laboratorios Remotos/LabRem-SistemasDig/tx_uart/TX_uart_restored/ROM_Interna_Transmitter/ROM_Interna_Transmitter.vhd ;         ;
; cont_div_frec/cont_div_frec.vhd                     ; yes             ; User VHDL File               ; C:/Users/rvigiani/OneDrive - Noanet S.A/Experimentos Arduino/Laboratorios Remotos/LabRem-SistemasDig/tx_uart/TX_uart_restored/cont_div_frec/cont_div_frec.vhd                     ;         ;
; Transmitter_uart/transmitter_uart.vhd               ; yes             ; User VHDL File               ; C:/Users/rvigiani/OneDrive - Noanet S.A/Experimentos Arduino/Laboratorios Remotos/LabRem-SistemasDig/tx_uart/TX_uart_restored/Transmitter_uart/transmitter_uart.vhd               ;         ;
; transmitter.vhd                                     ; yes             ; Auto-Found VHDL File         ; C:/Users/rvigiani/OneDrive - Noanet S.A/Experimentos Arduino/Laboratorios Remotos/LabRem-SistemasDig/tx_uart/TX_uart_restored/transmitter.vhd                                     ;         ;
; altsyncram.tdf                                      ; yes             ; Megafunction                 ; c:/altera/13.0sp1/quartus/libraries/megafunctions/altsyncram.tdf                                                                                                                  ;         ;
; stratix_ram_block.inc                               ; yes             ; Megafunction                 ; c:/altera/13.0sp1/quartus/libraries/megafunctions/stratix_ram_block.inc                                                                                                           ;         ;
; lpm_mux.inc                                         ; yes             ; Megafunction                 ; c:/altera/13.0sp1/quartus/libraries/megafunctions/lpm_mux.inc                                                                                                                     ;         ;
; lpm_decode.inc                                      ; yes             ; Megafunction                 ; c:/altera/13.0sp1/quartus/libraries/megafunctions/lpm_decode.inc                                                                                                                  ;         ;
; aglobal130.inc                                      ; yes             ; Megafunction                 ; c:/altera/13.0sp1/quartus/libraries/megafunctions/aglobal130.inc                                                                                                                  ;         ;
; a_rdenreg.inc                                       ; yes             ; Megafunction                 ; c:/altera/13.0sp1/quartus/libraries/megafunctions/a_rdenreg.inc                                                                                                                   ;         ;
; altrom.inc                                          ; yes             ; Megafunction                 ; c:/altera/13.0sp1/quartus/libraries/megafunctions/altrom.inc                                                                                                                      ;         ;
; altram.inc                                          ; yes             ; Megafunction                 ; c:/altera/13.0sp1/quartus/libraries/megafunctions/altram.inc                                                                                                                      ;         ;
; altdpram.inc                                        ; yes             ; Megafunction                 ; c:/altera/13.0sp1/quartus/libraries/megafunctions/altdpram.inc                                                                                                                    ;         ;
; db/altsyncram_jo91.tdf                              ; yes             ; Auto-Generated Megafunction  ; C:/Users/rvigiani/OneDrive - Noanet S.A/Experimentos Arduino/Laboratorios Remotos/LabRem-SistemasDig/tx_uart/TX_uart_restored/db/altsyncram_jo91.tdf                              ;         ;
+-----------------------------------------------------+-----------------+------------------------------+-----------------------------------------------------------------------------------------------------------------------------------------------------------------------------------+---------+


+---------------------------------------------------------+
; Analysis & Synthesis Resource Usage Summary             ;
+---------------------------------------------+-----------+
; Resource                                    ; Usage     ;
+---------------------------------------------+-----------+
; Estimated Total logic elements              ; 101       ;
;                                             ;           ;
; Total combinational functions               ; 92        ;
; Logic element usage by number of LUT inputs ;           ;
;     -- 4 input functions                    ; 44        ;
;     -- 3 input functions                    ; 4         ;
;     -- <=2 input functions                  ; 44        ;
;                                             ;           ;
; Logic elements by mode                      ;           ;
;     -- normal mode                          ; 59        ;
;     -- arithmetic mode                      ; 33        ;
;                                             ;           ;
; Total registers                             ; 49        ;
;     -- Dedicated logic registers            ; 49        ;
;     -- I/O registers                        ; 0         ;
;                                             ;           ;
; I/O pins                                    ; 3         ;
; Total memory bits                           ; 1024      ;
; Embedded Multiplier 9-bit elements          ; 0         ;
; Maximum fan-out node                        ; rst~input ;
; Maximum fan-out                             ; 49        ;
; Total fan-out                               ; 486       ;
; Average fan-out                             ; 3.14      ;
+---------------------------------------------+-----------+


+----------------------------------------------------------------------------------------------------------------------------------------------------------------------------------------------------------------------------------------------------------------------------------+
; Analysis & Synthesis Resource Utilization by Entity                                                                                                                                                                                                                              ;
+-------------------------------------------+-------------------+--------------+-------------+--------------+---------+-----------+------+--------------+-----------------------------------------------------------------------------------------------------------+--------------+
; Compilation Hierarchy Node                ; LC Combinationals ; LC Registers ; Memory Bits ; DSP Elements ; DSP 9x9 ; DSP 18x18 ; Pins ; Virtual Pins ; Full Hierarchy Name                                                                                       ; Library Name ;
+-------------------------------------------+-------------------+--------------+-------------+--------------+---------+-----------+------+--------------+-----------------------------------------------------------------------------------------------------------+--------------+
; |transmitter                              ; 92 (0)            ; 49 (0)       ; 1024        ; 0            ; 0       ; 0         ; 3    ; 0            ; |transmitter                                                                                              ; work         ;
;    |ROM_Interna_Transmitter:i_rom|        ; 0 (0)             ; 0 (0)        ; 1024        ; 0            ; 0       ; 0         ; 0    ; 0            ; |transmitter|ROM_Interna_Transmitter:i_rom                                                                ; work         ;
;       |altsyncram:altsyncram_component|   ; 0 (0)             ; 0 (0)        ; 1024        ; 0            ; 0       ; 0         ; 0    ; 0            ; |transmitter|ROM_Interna_Transmitter:i_rom|altsyncram:altsyncram_component                                ; work         ;
;          |altsyncram_jo91:auto_generated| ; 0 (0)             ; 0 (0)        ; 1024        ; 0            ; 0       ; 0         ; 0    ; 0            ; |transmitter|ROM_Interna_Transmitter:i_rom|altsyncram:altsyncram_component|altsyncram_jo91:auto_generated ; work         ;
;    |contador_div_frec:i_9600|             ; 33 (33)           ; 14 (14)      ; 0           ; 0            ; 0       ; 0         ; 0    ; 0            ; |transmitter|contador_div_frec:i_9600                                                                     ; work         ;
;    |contador_div_frec:i_address|          ; 10 (10)           ; 7 (7)        ; 0           ; 0            ; 0       ; 0         ; 0    ; 0            ; |transmitter|contador_div_frec:i_address                                                                  ; work         ;
;    |contador_div_frec:i_dato|             ; 41 (41)           ; 17 (17)      ; 0           ; 0            ; 0       ; 0         ; 0    ; 0            ; |transmitter|contador_div_frec:i_dato                                                                     ; work         ;
;    |transmitter_uart:i_trans_uart|        ; 8 (8)             ; 11 (11)      ; 0           ; 0            ; 0       ; 0         ; 0    ; 0            ; |transmitter|transmitter_uart:i_trans_uart                                                                ; work         ;
+-------------------------------------------+-------------------+--------------+-------------+--------------+---------+-----------+------+--------------+-----------------------------------------------------------------------------------------------------------+--------------+
Note: For table entries with two numbers listed, the numbers in parentheses indicate the number of resources of the given type used by the specific entity alone. The numbers listed outside of parentheses indicate the total resources of the given type used by the specific entity and all of its sub-entities in the hierarchy.


+------------------------------------------------------------------------------------------------------------------------------------------------------------------------------------------------------------------------+
; Analysis & Synthesis RAM Summary                                                                                                                                                                                       ;
+---------------------------------------------------------------------------------------------------------+------+------+--------------+--------------+--------------+--------------+------+-----------------------------+
; Name                                                                                                    ; Type ; Mode ; Port A Depth ; Port A Width ; Port B Depth ; Port B Width ; Size ; MIF                         ;
+---------------------------------------------------------------------------------------------------------+------+------+--------------+--------------+--------------+--------------+------+-----------------------------+
; ROM_Interna_Transmitter:i_rom|altsyncram:altsyncram_component|altsyncram_jo91:auto_generated|ALTSYNCRAM ; AUTO ; ROM  ; 512          ; 8            ; --           ; --           ; 4096 ; ROM_Interna_Transmitter.mif ;
+---------------------------------------------------------------------------------------------------------+------+------+--------------+--------------+--------------+--------------+------+-----------------------------+


+------------------------------------------------------------------------------------------------------------------------------------------------------------------------------------------------------------------------------------------------------------------------------------------------+
; Analysis & Synthesis IP Cores Summary                                                                                                                                                                                                                                                          ;
+--------+--------------+---------+--------------+--------------+--------------------------------------------+-----------------------------------------------------------------------------------------------------------------------------------------------------------------------------------+
; Vendor ; IP Core Name ; Version ; Release Date ; License Type ; Entity Instance                            ; IP Include File                                                                                                                                                                   ;
+--------+--------------+---------+--------------+--------------+--------------------------------------------+-----------------------------------------------------------------------------------------------------------------------------------------------------------------------------------+
; Altera ; ROM: 1-PORT  ; N/A     ; N/A          ; N/A          ; |transmitter|ROM_Interna_Transmitter:i_rom ; C:/Users/rvigiani/OneDrive - Noanet S.A/Experimentos Arduino/Laboratorios Remotos/LabRem-SistemasDig/tx_uart/TX_uart_restored/ROM_Interna_Transmitter/ROM_Interna_Transmitter.vhd ;
+--------+--------------+---------+--------------+--------------+--------------------------------------------+-----------------------------------------------------------------------------------------------------------------------------------------------------------------------------------+


Encoding Type:  One-Hot
+---------------------------------------------------------------------------------------------------------------------------------------------------------+
; State Machine - |transmitter|transmitter_uart:i_trans_uart|estado                                                                                       ;
+--------------+-------------+-----------+-----------+-----------+-----------+-----------+-----------+-----------+-----------+--------------+-------------+
; Name         ; estado.stop ; estado.d7 ; estado.d6 ; estado.d5 ; estado.d4 ; estado.d3 ; estado.d2 ; estado.d1 ; estado.d0 ; estado.start ; estado.idle ;
+--------------+-------------+-----------+-----------+-----------+-----------+-----------+-----------+-----------+-----------+--------------+-------------+
; estado.idle  ; 0           ; 0         ; 0         ; 0         ; 0         ; 0         ; 0         ; 0         ; 0         ; 0            ; 0           ;
; estado.start ; 0           ; 0         ; 0         ; 0         ; 0         ; 0         ; 0         ; 0         ; 0         ; 1            ; 1           ;
; estado.d0    ; 0           ; 0         ; 0         ; 0         ; 0         ; 0         ; 0         ; 0         ; 1         ; 0            ; 1           ;
; estado.d1    ; 0           ; 0         ; 0         ; 0         ; 0         ; 0         ; 0         ; 1         ; 0         ; 0            ; 1           ;
; estado.d2    ; 0           ; 0         ; 0         ; 0         ; 0         ; 0         ; 1         ; 0         ; 0         ; 0            ; 1           ;
; estado.d3    ; 0           ; 0         ; 0         ; 0         ; 0         ; 1         ; 0         ; 0         ; 0         ; 0            ; 1           ;
; estado.d4    ; 0           ; 0         ; 0         ; 0         ; 1         ; 0         ; 0         ; 0         ; 0         ; 0            ; 1           ;
; estado.d5    ; 0           ; 0         ; 0         ; 1         ; 0         ; 0         ; 0         ; 0         ; 0         ; 0            ; 1           ;
; estado.d6    ; 0           ; 0         ; 1         ; 0         ; 0         ; 0         ; 0         ; 0         ; 0         ; 0            ; 1           ;
; estado.d7    ; 0           ; 1         ; 0         ; 0         ; 0         ; 0         ; 0         ; 0         ; 0         ; 0            ; 1           ;
; estado.stop  ; 1           ; 0         ; 0         ; 0         ; 0         ; 0         ; 0         ; 0         ; 0         ; 0            ; 1           ;
+--------------+-------------+-----------+-----------+-----------+-----------+-----------+-----------+-----------+-----------+--------------+-------------+


+------------------------------------------------------+
; General Register Statistics                          ;
+----------------------------------------------+-------+
; Statistic                                    ; Value ;
+----------------------------------------------+-------+
; Total registers                              ; 49    ;
; Number of registers using Synchronous Clear  ; 0     ;
; Number of registers using Synchronous Load   ; 0     ;
; Number of registers using Asynchronous Clear ; 47    ;
; Number of registers using Asynchronous Load  ; 0     ;
; Number of registers using Clock Enable       ; 2     ;
; Number of registers using Preset             ; 0     ;
+----------------------------------------------+-------+


+---------------------------------------------------------------------------------------------------------------------------------------------------------------+
; Multiplexer Restructuring Statistics (Restructuring Performed)                                                                                                ;
+--------------------+-----------+---------------+----------------------+------------------------+------------+-------------------------------------------------+
; Multiplexer Inputs ; Bus Width ; Baseline Area ; Area if Restructured ; Saving if Restructured ; Registered ; Example Multiplexer Output                      ;
+--------------------+-----------+---------------+----------------------+------------------------+------------+-------------------------------------------------+
; 4:1                ; 13 bits   ; 26 LEs        ; 13 LEs               ; 13 LEs                 ; Yes        ; |transmitter|contador_div_frec:i_9600|cnt[3]    ;
; 4:1                ; 16 bits   ; 32 LEs        ; 16 LEs               ; 16 LEs                 ; Yes        ; |transmitter|contador_div_frec:i_dato|cnt[4]    ;
; 4:1                ; 7 bits    ; 14 LEs        ; 7 LEs                ; 7 LEs                  ; Yes        ; |transmitter|contador_div_frec:i_address|cnt[0] ;
+--------------------+-----------+---------------+----------------------+------------------------+------------+-------------------------------------------------+


+---------------------------------------------------------------------------------------------------------------------+
; Source assignments for ROM_Interna_Transmitter:i_rom|altsyncram:altsyncram_component|altsyncram_jo91:auto_generated ;
+---------------------------------+--------------------+------+-------------------------------------------------------+
; Assignment                      ; Value              ; From ; To                                                    ;
+---------------------------------+--------------------+------+-------------------------------------------------------+
; OPTIMIZE_POWER_DURING_SYNTHESIS ; NORMAL_COMPILATION ; -    ; -                                                     ;
+---------------------------------+--------------------+------+-------------------------------------------------------+


+-----------------------------------------------------------------------+
; Parameter Settings for User Entity Instance: contador_div_frec:i_9600 ;
+----------------+-------+----------------------------------------------+
; Parameter Name ; Value ; Type                                         ;
+----------------+-------+----------------------------------------------+
; cnt_max        ; 5209  ; Signed Integer                               ;
; nbits          ; 1     ; Signed Integer                               ;
+----------------+-------+----------------------------------------------+
Note: In order to hide this table in the UI and the text report file, please set the "Show Parameter Settings in Synthesis Report" option in "Analysis and Synthesis Settings -> More Settings" to "Off".


+-----------------------------------------------------------------------+
; Parameter Settings for User Entity Instance: contador_div_frec:i_dato ;
+----------------+-------+----------------------------------------------+
; Parameter Name ; Value ; Type                                         ;
+----------------+-------+----------------------------------------------+
; cnt_max        ; 57299 ; Signed Integer                               ;
; nbits          ; 5     ; Signed Integer                               ;
+----------------+-------+----------------------------------------------+
Note: In order to hide this table in the UI and the text report file, please set the "Show Parameter Settings in Synthesis Report" option in "Analysis and Synthesis Settings -> More Settings" to "Off".


+--------------------------------------------------------------------------+
; Parameter Settings for User Entity Instance: contador_div_frec:i_address ;
+----------------+-------+-------------------------------------------------+
; Parameter Name ; Value ; Type                                            ;
+----------------+-------+-------------------------------------------------+
; cnt_max        ; 80    ; Signed Integer                                  ;
; nbits          ; 9     ; Signed Integer                                  ;
+----------------+-------+-------------------------------------------------+
Note: In order to hide this table in the UI and the text report file, please set the "Show Parameter Settings in Synthesis Report" option in "Analysis and Synthesis Settings -> More Settings" to "Off".


+------------------------------------------------------------------------------------------------------------+
; Parameter Settings for User Entity Instance: ROM_Interna_Transmitter:i_rom|altsyncram:altsyncram_component ;
+------------------------------------+-----------------------------+-----------------------------------------+
; Parameter Name                     ; Value                       ; Type                                    ;
+------------------------------------+-----------------------------+-----------------------------------------+
; BYTE_SIZE_BLOCK                    ; 8                           ; Untyped                                 ;
; AUTO_CARRY_CHAINS                  ; ON                          ; AUTO_CARRY                              ;
; IGNORE_CARRY_BUFFERS               ; OFF                         ; IGNORE_CARRY                            ;
; AUTO_CASCADE_CHAINS                ; ON                          ; AUTO_CASCADE                            ;
; IGNORE_CASCADE_BUFFERS             ; OFF                         ; IGNORE_CASCADE                          ;
; WIDTH_BYTEENA                      ; 1                           ; Untyped                                 ;
; OPERATION_MODE                     ; ROM                         ; Untyped                                 ;
; WIDTH_A                            ; 8                           ; Signed Integer                          ;
; WIDTHAD_A                          ; 9                           ; Signed Integer                          ;
; NUMWORDS_A                         ; 512                         ; Signed Integer                          ;
; OUTDATA_REG_A                      ; UNREGISTERED                ; Untyped                                 ;
; ADDRESS_ACLR_A                     ; NONE                        ; Untyped                                 ;
; OUTDATA_ACLR_A                     ; NONE                        ; Untyped                                 ;
; WRCONTROL_ACLR_A                   ; NONE                        ; Untyped                                 ;
; INDATA_ACLR_A                      ; NONE                        ; Untyped                                 ;
; BYTEENA_ACLR_A                     ; NONE                        ; Untyped                                 ;
; WIDTH_B                            ; 1                           ; Untyped                                 ;
; WIDTHAD_B                          ; 1                           ; Untyped                                 ;
; NUMWORDS_B                         ; 1                           ; Untyped                                 ;
; INDATA_REG_B                       ; CLOCK1                      ; Untyped                                 ;
; WRCONTROL_WRADDRESS_REG_B          ; CLOCK1                      ; Untyped                                 ;
; RDCONTROL_REG_B                    ; CLOCK1                      ; Untyped                                 ;
; ADDRESS_REG_B                      ; CLOCK1                      ; Untyped                                 ;
; OUTDATA_REG_B                      ; UNREGISTERED                ; Untyped                                 ;
; BYTEENA_REG_B                      ; CLOCK1                      ; Untyped                                 ;
; INDATA_ACLR_B                      ; NONE                        ; Untyped                                 ;
; WRCONTROL_ACLR_B                   ; NONE                        ; Untyped                                 ;
; ADDRESS_ACLR_B                     ; NONE                        ; Untyped                                 ;
; OUTDATA_ACLR_B                     ; NONE                        ; Untyped                                 ;
; RDCONTROL_ACLR_B                   ; NONE                        ; Untyped                                 ;
; BYTEENA_ACLR_B                     ; NONE                        ; Untyped                                 ;
; WIDTH_BYTEENA_A                    ; 1                           ; Signed Integer                          ;
; WIDTH_BYTEENA_B                    ; 1                           ; Untyped                                 ;
; RAM_BLOCK_TYPE                     ; AUTO                        ; Untyped                                 ;
; BYTE_SIZE                          ; 8                           ; Untyped                                 ;
; READ_DURING_WRITE_MODE_MIXED_PORTS ; DONT_CARE                   ; Untyped                                 ;
; READ_DURING_WRITE_MODE_PORT_A      ; NEW_DATA_NO_NBE_READ        ; Untyped                                 ;
; READ_DURING_WRITE_MODE_PORT_B      ; NEW_DATA_NO_NBE_READ        ; Untyped                                 ;
; INIT_FILE                          ; ROM_Interna_Transmitter.mif ; Untyped                                 ;
; INIT_FILE_LAYOUT                   ; PORT_A                      ; Untyped                                 ;
; MAXIMUM_DEPTH                      ; 0                           ; Untyped                                 ;
; CLOCK_ENABLE_INPUT_A               ; BYPASS                      ; Untyped                                 ;
; CLOCK_ENABLE_INPUT_B               ; NORMAL                      ; Untyped                                 ;
; CLOCK_ENABLE_OUTPUT_A              ; BYPASS                      ; Untyped                                 ;
; CLOCK_ENABLE_OUTPUT_B              ; NORMAL                      ; Untyped                                 ;
; CLOCK_ENABLE_CORE_A                ; USE_INPUT_CLKEN             ; Untyped                                 ;
; CLOCK_ENABLE_CORE_B                ; USE_INPUT_CLKEN             ; Untyped                                 ;
; ENABLE_ECC                         ; FALSE                       ; Untyped                                 ;
; ECC_PIPELINE_STAGE_ENABLED         ; FALSE                       ; Untyped                                 ;
; WIDTH_ECCSTATUS                    ; 3                           ; Untyped                                 ;
; DEVICE_FAMILY                      ; Cyclone IV E                ; Untyped                                 ;
; CBXI_PARAMETER                     ; altsyncram_jo91             ; Untyped                                 ;
+------------------------------------+-----------------------------+-----------------------------------------+
Note: In order to hide this table in the UI and the text report file, please set the "Show Parameter Settings in Synthesis Report" option in "Analysis and Synthesis Settings -> More Settings" to "Off".


+-----------------------------------------------------------------------------------------------------------+
; altsyncram Parameter Settings by Entity Instance                                                          ;
+-------------------------------------------+---------------------------------------------------------------+
; Name                                      ; Value                                                         ;
+-------------------------------------------+---------------------------------------------------------------+
; Number of entity instances                ; 1                                                             ;
; Entity Instance                           ; ROM_Interna_Transmitter:i_rom|altsyncram:altsyncram_component ;
;     -- OPERATION_MODE                     ; ROM                                                           ;
;     -- WIDTH_A                            ; 8                                                             ;
;     -- NUMWORDS_A                         ; 512                                                           ;
;     -- OUTDATA_REG_A                      ; UNREGISTERED                                                  ;
;     -- WIDTH_B                            ; 1                                                             ;
;     -- NUMWORDS_B                         ; 1                                                             ;
;     -- ADDRESS_REG_B                      ; CLOCK1                                                        ;
;     -- OUTDATA_REG_B                      ; UNREGISTERED                                                  ;
;     -- RAM_BLOCK_TYPE                     ; AUTO                                                          ;
;     -- READ_DURING_WRITE_MODE_MIXED_PORTS ; DONT_CARE                                                     ;
+-------------------------------------------+---------------------------------------------------------------+


+-------------------------------------------------------------------------------------------------------------------+
; Port Connectivity Checks: "contador_div_frec:i_address"                                                           ;
+---------+--------+----------+-------------------------------------------------------------------------------------+
; Port    ; Type   ; Severity ; Details                                                                             ;
+---------+--------+----------+-------------------------------------------------------------------------------------+
; clk_out ; Output ; Info     ; Connected to dangling logic. Logic that only feeds a dangling port will be removed. ;
+---------+--------+----------+-------------------------------------------------------------------------------------+


+----------------------------------------------------------------------------------------------------------------+
; Port Connectivity Checks: "contador_div_frec:i_dato"                                                           ;
+------+--------+----------+-------------------------------------------------------------------------------------+
; Port ; Type   ; Severity ; Details                                                                             ;
+------+--------+----------+-------------------------------------------------------------------------------------+
; q    ; Output ; Info     ; Connected to dangling logic. Logic that only feeds a dangling port will be removed. ;
+------+--------+----------+-------------------------------------------------------------------------------------+


+----------------------------------------------------------------------------------------------------------------+
; Port Connectivity Checks: "contador_div_frec:i_9600"                                                           ;
+------+--------+----------+-------------------------------------------------------------------------------------+
; Port ; Type   ; Severity ; Details                                                                             ;
+------+--------+----------+-------------------------------------------------------------------------------------+
; q    ; Output ; Info     ; Connected to dangling logic. Logic that only feeds a dangling port will be removed. ;
+------+--------+----------+-------------------------------------------------------------------------------------+


+-------------------------------+
; Elapsed Time Per Partition    ;
+----------------+--------------+
; Partition Name ; Elapsed Time ;
+----------------+--------------+
; Top            ; 00:00:01     ;
+----------------+--------------+


+-------------------------------+
; Analysis & Synthesis Messages ;
+-------------------------------+
Info: *******************************************************************
Info: Running Quartus II 64-Bit Analysis & Synthesis
    Info: Version 13.0.1 Build 232 06/12/2013 Service Pack 1 SJ Web Edition
    Info: Processing started: Fri Jul 29 15:52:46 2022
Info: Command: quartus_map --read_settings_files=on --write_settings_files=off transmitter -c transmitter
Warning (20028): Parallel compilation is not licensed and has been disabled
Info (12021): Found 2 design units, including 1 entities, in source file rom_interna_transmitter/rom_interna_transmitter.vhd
    Info (12022): Found design unit 1: rom_interna_transmitter-SYN
    Info (12023): Found entity 1: ROM_Interna_Transmitter
Info (12021): Found 2 design units, including 1 entities, in source file cont_div_frec/cont_div_frec.vhd
    Info (12022): Found design unit 1: contador_div_frec-a_contador_div_frec
    Info (12023): Found entity 1: contador_div_frec
Info (12021): Found 2 design units, including 1 entities, in source file transmitter_uart/transmitter_uart.vhd
    Info (12022): Found design unit 1: transmitter_uart-a_transmitter_uart
    Info (12023): Found entity 1: transmitter_uart
Info (12021): Found 2 design units, including 1 entities, in source file tb_transmitter.vhd
    Info (12022): Found design unit 1: tb_transmitter-a_tb_transmitter
    Info (12023): Found entity 1: tb_transmitter
Info (12021): Found 2 design units, including 1 entities, in source file rom_interna_transmitter/tb_rom_interna_transmitter.vhd
    Info (12022): Found design unit 1: tb_ROM_Interna_Transmitter-a_tb_ROM_Interna_Transmitter
    Info (12023): Found entity 1: tb_ROM_Interna_Transmitter
Warning (12125): Using design file transmitter.vhd, which is not specified as a design file for the current project, but contains definitions for 2 design units and 1 entities in project
    Info (12022): Found design unit 1: transmitter-a_transmitter
    Info (12023): Found entity 1: transmitter
Info (12127): Elaborating entity "transmitter" for the top level hierarchy
Info (12128): Elaborating entity "contador_div_frec" for hierarchy "contador_div_frec:i_9600"
Info (12128): Elaborating entity "contador_div_frec" for hierarchy "contador_div_frec:i_dato"
Info (12128): Elaborating entity "contador_div_frec" for hierarchy "contador_div_frec:i_address"
Info (12128): Elaborating entity "ROM_Interna_Transmitter" for hierarchy "ROM_Interna_Transmitter:i_rom"
Info (12128): Elaborating entity "altsyncram" for hierarchy "ROM_Interna_Transmitter:i_rom|altsyncram:altsyncram_component"
Info (12130): Elaborated megafunction instantiation "ROM_Interna_Transmitter:i_rom|altsyncram:altsyncram_component"
Info (12133): Instantiated megafunction "ROM_Interna_Transmitter:i_rom|altsyncram:altsyncram_component" with the following parameter:
    Info (12134): Parameter "clock_enable_input_a" = "BYPASS"
    Info (12134): Parameter "clock_enable_output_a" = "BYPASS"
    Info (12134): Parameter "init_file" = "ROM_Interna_Transmitter.mif"
    Info (12134): Parameter "intended_device_family" = "Cyclone II"
    Info (12134): Parameter "lpm_hint" = "ENABLE_RUNTIME_MOD=NO"
    Info (12134): Parameter "lpm_type" = "altsyncram"
    Info (12134): Parameter "numwords_a" = "512"
    Info (12134): Parameter "operation_mode" = "ROM"
    Info (12134): Parameter "outdata_aclr_a" = "NONE"
    Info (12134): Parameter "outdata_reg_a" = "UNREGISTERED"
    Info (12134): Parameter "widthad_a" = "9"
    Info (12134): Parameter "width_a" = "8"
    Info (12134): Parameter "width_byteena_a" = "1"
Info (12021): Found 1 design units, including 1 entities, in source file db/altsyncram_jo91.tdf
    Info (12023): Found entity 1: altsyncram_jo91
Info (12128): Elaborating entity "altsyncram_jo91" for hierarchy "ROM_Interna_Transmitter:i_rom|altsyncram:altsyncram_component|altsyncram_jo91:auto_generated"
Info (12128): Elaborating entity "transmitter_uart" for hierarchy "transmitter_uart:i_trans_uart"
Info (286030): Timing-Driven Synthesis is running
Info (17036): Removed 2 MSB VCC or GND address nodes from RAM block "ROM_Interna_Transmitter:i_rom|altsyncram:altsyncram_component|altsyncram_jo91:auto_generated|ALTSYNCRAM"
Info (16010): Generating hard_block partition "hard_block:auto_generated_inst"
    Info (16011): Adding 0 node(s), including 0 DDIO, 0 PLL, 0 transceiver and 0 LCELL
Info (21057): Implemented 128 device resources after synthesis - the final resource count might be different
    Info (21058): Implemented 2 input pins
    Info (21059): Implemented 1 output pins
    Info (21061): Implemented 117 logic cells
    Info (21064): Implemented 8 RAM segments
Info: Quartus II 64-Bit Analysis & Synthesis was successful. 0 errors, 2 warnings
    Info: Peak virtual memory: 4670 megabytes
    Info: Processing ended: Fri Jul 29 15:53:13 2022
    Info: Elapsed time: 00:00:27
    Info: Total CPU time (on all processors): 00:00:04


